1578086349483	mozrunner::runner	INFO	Running command: "/usr/bin/firefox" "-marionette" "-headless" "-foreground" "-no-remote" "-profile" "/tmp/rust_mozprofileksuHbA"
XPCOMGlueLoad error for file /opt/firefox/libmozgtk.so:
libgtk-3.so.0: cannot open shared object file: No such file or directory
Couldn't load XPCOM.
1578089189242	geckodriver	INFO	geckodriver 0.18.0
1578089189431	geckodriver	INFO	Listening on 127.0.0.1:41689
1578089190340	geckodriver::marionette	INFO	Starting browser /usr/bin/firefox with args ["-marionette", "-headless"]
XPCOMGlueLoad error for file /opt/firefox-55.0.3/libxul.so:
libdbus-glib-1.so.2: cannot open shared object file: No such file or directory
Couldn't load XPCOM.
1578089370891	geckodriver	INFO	geckodriver 0.18.0
1578089370900	geckodriver	INFO	Listening on 127.0.0.1:46001
1578089372021	geckodriver::marionette	INFO	Starting browser /usr/bin/firefox with args ["-marionette", "-headless"]
XPCOMGlueLoad error for file /opt/firefox-55.0.3/libxul.so:
libdbus-glib-1.so.2: cannot open shared object file: No such file or directory
Couldn't load XPCOM.
1578090019441	mozrunner::runner	INFO	Running command: "/usr/bin/firefox" "-marionette" "-headless" "-foreground" "-no-remote" "-profile" "/tmp/rust_mozprofilezBqH8h"
XPCOMGlueLoad error for file /opt/firefox-68.0.1/libmozgtk.so:
libgtk-3.so.0: cannot open shared object file: No such file or directory
Couldn't load XPCOM.
1578090156638	geckodriver	INFO	geckodriver 0.18.0
1578090156658	geckodriver	INFO	Listening on 127.0.0.1:53085
1578090157963	geckodriver::marionette	INFO	Starting browser /usr/bin/firefox with args ["-marionette", "-headless"]
XPCOMGlueLoad error for file /opt/firefox-55.0.3/libmozgtk.so:
libgtk-3.so.0: cannot open shared object file: No such file or directory
Couldn't load XPCOM.
1578090484356	geckodriver	INFO	geckodriver 0.18.0
1578090484364	geckodriver	INFO	Listening on 127.0.0.1:42613
1578090485473	geckodriver::marionette	INFO	Starting browser /usr/bin/firefox with args ["-marionette", "-headless"]
XPCOMGlueLoad error for file /opt/firefox-55.0.3/libmozgtk.so:
libgtk-3.so.0: cannot open shared object file: No such file or directory
Couldn't load XPCOM.
1578116644233	geckodriver	INFO	geckodriver 0.18.0
1578116644236	geckodriver	INFO	Listening on 127.0.0.1:54109
1578116730398	geckodriver	INFO	geckodriver 0.18.0
1578116730465	geckodriver	INFO	Listening on 127.0.0.1:43031
1578116732081	geckodriver::marionette	INFO	Starting browser /usr/bin/firefox with args ["-marionette", "-headless"]
XPCOMGlueLoad error for file /opt/firefox-55.0.3/libmozgtk.so:
libgtk-3.so.0: cannot open shared object file: No such file or directory
Couldn't load XPCOM.
1578119124584	geckodriver	INFO	geckodriver 0.18.0
1578119124597	geckodriver	INFO	Listening on 127.0.0.1:37547
1578119125701	geckodriver::marionette	INFO	Starting browser /usr/bin/firefox with args ["-marionette", "-headless"]
XPCOMGlueLoad error for file /opt/firefox-55.0.3/libmozgtk.so:
libgtk-3.so.0: cannot open shared object file: No such file or directory
Couldn't load XPCOM.
1578119193071	geckodriver	INFO	geckodriver 0.18.0
1578119193082	geckodriver	INFO	Listening on 127.0.0.1:46071
1578119194158	geckodriver::marionette	INFO	Starting browser /usr/bin/firefox with args ["-marionette", "-headless"]
XPCOMGlueLoad error for file /opt/firefox-55.0.3/libmozgtk.so:
libgtk-3.so.0: cannot open shared object file: No such file or directory
Couldn't load XPCOM.
1578119271826	geckodriver	INFO	geckodriver 0.18.0
1578119271837	geckodriver	INFO	Listening on 127.0.0.1:44115
1578119272944	geckodriver::marionette	INFO	Starting browser /usr/bin/firefox with args ["-marionette", "-headless"]
XPCOMGlueLoad error for file /opt/firefox-55.0.3/libmozgtk.so:
libgtk-3.so.0: cannot open shared object file: No such file or directory
Couldn't load XPCOM.
1578119358141	geckodriver	INFO	geckodriver 0.18.0
1578119358148	geckodriver	INFO	Listening on 127.0.0.1:49433
1578119358431	geckodriver::marionette	INFO	Starting browser /usr/bin/firefox with args ["-marionette", "-headless"]
XPCOMGlueLoad error for file /opt/firefox-55.0.3/libmozgtk.so:
libgtk-3.so.0: cannot open shared object file: No such file or directory
Couldn't load XPCOM.
1578120008379	geckodriver	INFO	geckodriver 0.18.0
1578120008391	geckodriver	INFO	Listening on 127.0.0.1:45423
1578120009499	geckodriver::marionette	INFO	Starting browser /usr/bin/firefox with args ["-marionette", "-headless"]
XPCOMGlueLoad error for file /opt/firefox-55.0.3/libmozgtk.so:
libgtk-3.so.0: cannot open shared object file: No such file or directory
Couldn't load XPCOM.
